Timing Analyzer report for Basic_FQ
Tue Mar 19 17:18:47 2024
Quartus Prime Version 22.1std.2 Build 922 07/20/2023 SC Lite Edition


---------------------
; Table of Contents ;
---------------------
  1. Legal Notice
  2. Timing Analyzer Summary
  3. Parallel Compilation
  4. Clocks
  5. Slow 1200mV 85C Model Fmax Summary
  6. Slow 1200mV 85C Model Setup Summary
  7. Slow 1200mV 85C Model Hold Summary
  8. Slow 1200mV 85C Model Recovery Summary
  9. Slow 1200mV 85C Model Removal Summary
 10. Slow 1200mV 85C Model Minimum Pulse Width Summary
 11. Slow 1200mV 85C Model Metastability Summary
 12. Slow 1200mV 0C Model Fmax Summary
 13. Slow 1200mV 0C Model Setup Summary
 14. Slow 1200mV 0C Model Hold Summary
 15. Slow 1200mV 0C Model Recovery Summary
 16. Slow 1200mV 0C Model Removal Summary
 17. Slow 1200mV 0C Model Minimum Pulse Width Summary
 18. Slow 1200mV 0C Model Metastability Summary
 19. Fast 1200mV 0C Model Setup Summary
 20. Fast 1200mV 0C Model Hold Summary
 21. Fast 1200mV 0C Model Recovery Summary
 22. Fast 1200mV 0C Model Removal Summary
 23. Fast 1200mV 0C Model Minimum Pulse Width Summary
 24. Fast 1200mV 0C Model Metastability Summary
 25. Multicorner Timing Analysis Summary
 26. Board Trace Model Assignments
 27. Input Transition Times
 28. Signal Integrity Metrics (Slow 1200mv 0c Model)
 29. Signal Integrity Metrics (Slow 1200mv 85c Model)
 30. Signal Integrity Metrics (Fast 1200mv 0c Model)
 31. Setup Transfers
 32. Hold Transfers
 33. Report TCCS
 34. Report RSKM
 35. Unconstrained Paths Summary
 36. Clock Status Summary
 37. Unconstrained Input Ports
 38. Unconstrained Output Ports
 39. Unconstrained Input Ports
 40. Unconstrained Output Ports
 41. Timing Analyzer Messages



----------------
; Legal Notice ;
----------------
Copyright (C) 2023  Intel Corporation. All rights reserved.
Your use of Intel Corporation's design tools, logic functions 
and other software and tools, and any partner logic 
functions, and any output files from any of the foregoing 
(including device programming or simulation files), and any 
associated documentation or information are expressly subject 
to the terms and conditions of the Intel Program License 
Subscription Agreement, the Intel Quartus Prime License Agreement,
the Intel FPGA IP License Agreement, or other applicable license
agreement, including, without limitation, that your use is for
the sole purpose of programming logic devices manufactured by
Intel and sold by Intel or its authorized distributors.  Please
refer to the applicable agreement for further details, at
https://fpgasoftware.intel.com/eula.



+--------------------------------------------------------------------------------+
; Timing Analyzer Summary                                                        ;
+-----------------------+--------------------------------------------------------+
; Quartus Prime Version ; Version 22.1std.2 Build 922 07/20/2023 SC Lite Edition ;
; Timing Analyzer       ; Legacy Timing Analyzer                                 ;
; Revision Name         ; Basic_FQ                                               ;
; Device Family         ; MAX 10                                                 ;
; Device Name           ; 10M50DAF484C6GES                                       ;
; Timing Models         ; Preliminary                                            ;
; Delay Model           ; Combined                                               ;
; Rise/Fall Delays      ; Enabled                                                ;
+-----------------------+--------------------------------------------------------+


+------------------------------------------+
; Parallel Compilation                     ;
+----------------------------+-------------+
; Processors                 ; Number      ;
+----------------------------+-------------+
; Number detected on machine ; 12          ;
; Maximum allowed            ; 12          ;
;                            ;             ;
; Average used               ; 2.53        ;
; Maximum used               ; 12          ;
;                            ;             ;
; Usage by Processor         ; % Time Used ;
;     Processor 1            ; 100.0%      ;
;     Processor 2            ;  15.3%      ;
;     Processor 3            ;  13.9%      ;
;     Processor 4            ;  13.9%      ;
;     Processors 5-12        ;  13.8%      ;
+----------------------------+-------------+


+----------------------------------------------------------------------------------------------------------------------------------------------------------------------------------------------------------------------------------------------------------+
; Clocks                                                                                                                                                                                                                                                   ;
+---------------------------------------------+------+--------+------------+-------+-------+------------+-----------+-------------+-------+--------+-----------+------------+----------+--------+--------+-------------------------------------------------+
; Clock Name                                  ; Type ; Period ; Frequency  ; Rise  ; Fall  ; Duty Cycle ; Divide by ; Multiply by ; Phase ; Offset ; Edge List ; Edge Shift ; Inverted ; Master ; Source ; Targets                                         ;
+---------------------------------------------+------+--------+------------+-------+-------+------------+-----------+-------------+-------+--------+-----------+------------+----------+--------+--------+-------------------------------------------------+
; Clock1                                      ; Base ; 1.000  ; 1000.0 MHz ; 0.000 ; 0.500 ;            ;           ;             ;       ;        ;           ;            ;          ;        ;        ; { Clock1 }                                      ;
; To_Oscilator                                ; Base ; 1.000  ; 1000.0 MHz ; 0.000 ; 0.500 ;            ;           ;             ;       ;        ;           ;            ;          ;        ;        ; { To_Oscilator }                                ;
; Tx                                          ; Base ; 1.000  ; 1000.0 MHz ; 0.000 ; 0.500 ;            ;           ;             ;       ;        ;           ;            ;          ;        ;        ; { Tx }                                          ;
; UART:inst1|UART_TX:uart_tx_i|tx_pstate.idle ; Base ; 1.000  ; 1000.0 MHz ; 0.000 ; 0.500 ;            ;           ;             ;       ;        ;           ;            ;          ;        ;        ; { UART:inst1|UART_TX:uart_tx_i|tx_pstate.idle } ;
+---------------------------------------------+------+--------+------------+-------+-------+------------+-----------+-------------+-------+--------+-----------+------------+----------+--------+--------+-------------------------------------------------+


+-----------------------------------------------------------------------------------+
; Slow 1200mV 85C Model Fmax Summary                                                ;
+------------+-----------------+---------------------------------------------+------+
; Fmax       ; Restricted Fmax ; Clock Name                                  ; Note ;
+------------+-----------------+---------------------------------------------+------+
; 170.65 MHz ; 170.65 MHz      ; To_Oscilator                                ;      ;
; 170.65 MHz ; 170.65 MHz      ; Tx                                          ;      ;
; 172.09 MHz ; 172.09 MHz      ; Clock1                                      ;      ;
; 234.91 MHz ; 234.91 MHz      ; UART:inst1|UART_TX:uart_tx_i|tx_pstate.idle ;      ;
+------------+-----------------+---------------------------------------------+------+
This panel reports FMAX for every clock in the design, regardless of the user-specified clock periods.  FMAX is only computed for paths where the source and destination registers or ports are driven by the same clock.  Paths of different clocks, including generated clocks, are ignored.  For paths between a clock and its inversion, FMAX is computed as if the rising and falling edges are scaled along with FMAX, such that the duty cycle (in terms of a percentage) is maintained. Altera recommends that you always use clock constraints and other slack reports for sign-off analysis.


+----------------------------------------------------------------------+
; Slow 1200mV 85C Model Setup Summary                                  ;
+---------------------------------------------+--------+---------------+
; Clock                                       ; Slack  ; End Point TNS ;
+---------------------------------------------+--------+---------------+
; To_Oscilator                                ; -5.569 ; -2269.696     ;
; Tx                                          ; -4.860 ; -1921.910     ;
; Clock1                                      ; -4.811 ; -73.710       ;
; UART:inst1|UART_TX:uart_tx_i|tx_pstate.idle ; -3.257 ; -759.812      ;
+---------------------------------------------+--------+---------------+


+----------------------------------------------------------------------+
; Slow 1200mV 85C Model Hold Summary                                   ;
+---------------------------------------------+--------+---------------+
; Clock                                       ; Slack  ; End Point TNS ;
+---------------------------------------------+--------+---------------+
; Tx                                          ; -0.429 ; -7.713        ;
; UART:inst1|UART_TX:uart_tx_i|tx_pstate.idle ; 0.284  ; 0.000         ;
; To_Oscilator                                ; 0.326  ; 0.000         ;
; Clock1                                      ; 0.327  ; 0.000         ;
+---------------------------------------------+--------+---------------+


------------------------------------------
; Slow 1200mV 85C Model Recovery Summary ;
------------------------------------------
No paths to report.


-----------------------------------------
; Slow 1200mV 85C Model Removal Summary ;
-----------------------------------------
No paths to report.


+----------------------------------------------------------------------+
; Slow 1200mV 85C Model Minimum Pulse Width Summary                    ;
+---------------------------------------------+--------+---------------+
; Clock                                       ; Slack  ; End Point TNS ;
+---------------------------------------------+--------+---------------+
; To_Oscilator                                ; -3.000 ; -1049.683     ;
; Tx                                          ; -3.000 ; -1045.183     ;
; Clock1                                      ; -3.000 ; -54.324       ;
; UART:inst1|UART_TX:uart_tx_i|tx_pstate.idle ; -2.186 ; -674.484      ;
+---------------------------------------------+--------+---------------+


-----------------------------------------------
; Slow 1200mV 85C Model Metastability Summary ;
-----------------------------------------------
Design MTBF is not calculated because the design doesn't meet its timing requirements.



+-----------------------------------------------------------------------------------+
; Slow 1200mV 0C Model Fmax Summary                                                 ;
+------------+-----------------+---------------------------------------------+------+
; Fmax       ; Restricted Fmax ; Clock Name                                  ; Note ;
+------------+-----------------+---------------------------------------------+------+
; 185.15 MHz ; 185.15 MHz      ; To_Oscilator                                ;      ;
; 185.15 MHz ; 185.15 MHz      ; Tx                                          ;      ;
; 187.23 MHz ; 187.23 MHz      ; Clock1                                      ;      ;
; 259.27 MHz ; 259.27 MHz      ; UART:inst1|UART_TX:uart_tx_i|tx_pstate.idle ;      ;
+------------+-----------------+---------------------------------------------+------+
This panel reports FMAX for every clock in the design, regardless of the user-specified clock periods.  FMAX is only computed for paths where the source and destination registers or ports are driven by the same clock.  Paths of different clocks, including generated clocks, are ignored.  For paths between a clock and its inversion, FMAX is computed as if the rising and falling edges are scaled along with FMAX, such that the duty cycle (in terms of a percentage) is maintained. Altera recommends that you always use clock constraints and other slack reports for sign-off analysis.


+----------------------------------------------------------------------+
; Slow 1200mV 0C Model Setup Summary                                   ;
+---------------------------------------------+--------+---------------+
; Clock                                       ; Slack  ; End Point TNS ;
+---------------------------------------------+--------+---------------+
; To_Oscilator                                ; -5.056 ; -2030.690     ;
; Tx                                          ; -4.401 ; -1709.358     ;
; Clock1                                      ; -4.341 ; -63.770       ;
; UART:inst1|UART_TX:uart_tx_i|tx_pstate.idle ; -2.857 ; -666.144      ;
+---------------------------------------------+--------+---------------+


+----------------------------------------------------------------------+
; Slow 1200mV 0C Model Hold Summary                                    ;
+---------------------------------------------+--------+---------------+
; Clock                                       ; Slack  ; End Point TNS ;
+---------------------------------------------+--------+---------------+
; Tx                                          ; -0.403 ; -7.254        ;
; UART:inst1|UART_TX:uart_tx_i|tx_pstate.idle ; 0.268  ; 0.000         ;
; To_Oscilator                                ; 0.296  ; 0.000         ;
; Clock1                                      ; 0.297  ; 0.000         ;
+---------------------------------------------+--------+---------------+


-----------------------------------------
; Slow 1200mV 0C Model Recovery Summary ;
-----------------------------------------
No paths to report.


----------------------------------------
; Slow 1200mV 0C Model Removal Summary ;
----------------------------------------
No paths to report.


+----------------------------------------------------------------------+
; Slow 1200mV 0C Model Minimum Pulse Width Summary                     ;
+---------------------------------------------+--------+---------------+
; Clock                                       ; Slack  ; End Point TNS ;
+---------------------------------------------+--------+---------------+
; To_Oscilator                                ; -3.000 ; -934.224      ;
; Tx                                          ; -3.000 ; -929.780      ;
; Clock1                                      ; -3.000 ; -54.324       ;
; UART:inst1|UART_TX:uart_tx_i|tx_pstate.idle ; -2.030 ; -634.548      ;
+---------------------------------------------+--------+---------------+


----------------------------------------------
; Slow 1200mV 0C Model Metastability Summary ;
----------------------------------------------
Design MTBF is not calculated because the design doesn't meet its timing requirements.



+----------------------------------------------------------------------+
; Fast 1200mV 0C Model Setup Summary                                   ;
+---------------------------------------------+--------+---------------+
; Clock                                       ; Slack  ; End Point TNS ;
+---------------------------------------------+--------+---------------+
; To_Oscilator                                ; -2.360 ; -910.709      ;
; Clock1                                      ; -2.178 ; -24.221       ;
; Tx                                          ; -1.992 ; -729.401      ;
; UART:inst1|UART_TX:uart_tx_i|tx_pstate.idle ; -1.170 ; -223.459      ;
+---------------------------------------------+--------+---------------+


+----------------------------------------------------------------------+
; Fast 1200mV 0C Model Hold Summary                                    ;
+---------------------------------------------+--------+---------------+
; Clock                                       ; Slack  ; End Point TNS ;
+---------------------------------------------+--------+---------------+
; Tx                                          ; -0.254 ; -4.572        ;
; UART:inst1|UART_TX:uart_tx_i|tx_pstate.idle ; 0.123  ; 0.000         ;
; Clock1                                      ; 0.150  ; 0.000         ;
; To_Oscilator                                ; 0.150  ; 0.000         ;
+---------------------------------------------+--------+---------------+


-----------------------------------------
; Fast 1200mV 0C Model Recovery Summary ;
-----------------------------------------
No paths to report.


----------------------------------------
; Fast 1200mV 0C Model Removal Summary ;
----------------------------------------
No paths to report.


+----------------------------------------------------------------------+
; Fast 1200mV 0C Model Minimum Pulse Width Summary                     ;
+---------------------------------------------+--------+---------------+
; Clock                                       ; Slack  ; End Point TNS ;
+---------------------------------------------+--------+---------------+
; Tx                                          ; -3.000 ; -708.832      ;
; To_Oscilator                                ; -3.000 ; -680.499      ;
; Clock1                                      ; -3.000 ; -46.422       ;
; UART:inst1|UART_TX:uart_tx_i|tx_pstate.idle ; -1.000 ; -350.000      ;
+---------------------------------------------+--------+---------------+


----------------------------------------------
; Fast 1200mV 0C Model Metastability Summary ;
----------------------------------------------
Design MTBF is not calculated because the design doesn't meet its timing requirements.



+--------------------------------------------------------------------------------------------------------------+
; Multicorner Timing Analysis Summary                                                                          ;
+----------------------------------------------+-----------+--------+----------+---------+---------------------+
; Clock                                        ; Setup     ; Hold   ; Recovery ; Removal ; Minimum Pulse Width ;
+----------------------------------------------+-----------+--------+----------+---------+---------------------+
; Worst-case Slack                             ; -5.569    ; -0.429 ; N/A      ; N/A     ; -3.000              ;
;  Clock1                                      ; -4.811    ; 0.150  ; N/A      ; N/A     ; -3.000              ;
;  To_Oscilator                                ; -5.569    ; 0.150  ; N/A      ; N/A     ; -3.000              ;
;  Tx                                          ; -4.860    ; -0.429 ; N/A      ; N/A     ; -3.000              ;
;  UART:inst1|UART_TX:uart_tx_i|tx_pstate.idle ; -3.257    ; 0.123  ; N/A      ; N/A     ; -2.186              ;
; Design-wide TNS                              ; -5025.128 ; -7.713 ; 0.0      ; 0.0     ; -2823.674           ;
;  Clock1                                      ; -73.710   ; 0.000  ; N/A      ; N/A     ; -54.324             ;
;  To_Oscilator                                ; -2269.696 ; 0.000  ; N/A      ; N/A     ; -1049.683           ;
;  Tx                                          ; -1921.910 ; -7.713 ; N/A      ; N/A     ; -1045.183           ;
;  UART:inst1|UART_TX:uart_tx_i|tx_pstate.idle ; -759.812  ; 0.000  ; N/A      ; N/A     ; -674.484            ;
+----------------------------------------------+-----------+--------+----------+---------+---------------------+


+-----------------------------------------------------------------------------------------------------------------------------------------------------------------------------------------------------------------------------------------------------------------------------------------------------------------------------------------------------------------------------------------------------------------+
; Board Trace Model Assignments                                                                                                                                                                                                                                                                                                                                                                                   ;
+--------------+--------------+-------------------+-------------------------+-------------------------+---------------+---------------------+----------------+------------------+--------+------------------+------------------------+------------------------+--------------+---------------+-----------------+-------+---------------------+--------------------+---------------+-----------------+-------------+
; Pin          ; I/O Standard ; Near Tline Length ; Near Tline L per Length ; Near Tline C per Length ; Near Series R ; Near Differential R ; Near Pull-up R ; Near Pull-down R ; Near C ; Far Tline Length ; Far Tline L per Length ; Far Tline C per Length ; Far Series R ; Far Pull-up R ; Far Pull-down R ; Far C ; Termination Voltage ; Far Differential R ; EBD File Name ; EBD Signal Name ; EBD Far-end ;
+--------------+--------------+-------------------+-------------------------+-------------------------+---------------+---------------------+----------------+------------------+--------+------------------+------------------------+------------------------+--------------+---------------+-----------------+-------+---------------------+--------------------+---------------+-----------------+-------------+
; UART_TXD     ; 3.3-V LVTTL  ; 0 in              ; 0 H/in                  ; 0 F/in                  ; short         ; -                   ; open           ; open             ; open   ; 0 in             ; 0 H/in                 ; 0 F/in                 ; short        ; open          ; open            ; open  ; 0 V                 ; -                  ; n/a           ; n/a             ; n/a         ;
; DIN_RDY      ; 1.5 V        ; 0 in              ; 0 H/in                  ; 0 F/in                  ; short         ; -                   ; open           ; open             ; open   ; 0 in             ; 0 H/in                 ; 0 F/in                 ; short        ; open          ; open            ; open  ; 0 V                 ; -                  ; n/a           ; n/a             ; n/a         ;
; DOUT_VLD     ; 1.5 V        ; 0 in              ; 0 H/in                  ; 0 F/in                  ; short         ; -                   ; open           ; open             ; open   ; 0 in             ; 0 H/in                 ; 0 F/in                 ; short        ; open          ; open            ; open  ; 0 V                 ; -                  ; n/a           ; n/a             ; n/a         ;
; FRAME_ERROR  ; 1.5 V        ; 0 in              ; 0 H/in                  ; 0 F/in                  ; short         ; -                   ; open           ; open             ; open   ; 0 in             ; 0 H/in                 ; 0 F/in                 ; short        ; open          ; open            ; open  ; 0 V                 ; -                  ; n/a           ; n/a             ; n/a         ;
; PARITY_ERROR ; 1.5 V        ; 0 in              ; 0 H/in                  ; 0 F/in                  ; short         ; -                   ; open           ; open             ; open   ; 0 in             ; 0 H/in                 ; 0 F/in                 ; short        ; open          ; open            ; open  ; 0 V                 ; -                  ; n/a           ; n/a             ; n/a         ;
; ~ALTERA_TDO~ ; 2.5 V        ; 0 in              ; 0 H/in                  ; 0 F/in                  ; short         ; -                   ; open           ; open             ; open   ; 0 in             ; 0 H/in                 ; 0 F/in                 ; short        ; open          ; open            ; open  ; 0 V                 ; -                  ; n/a           ; n/a             ; n/a         ;
+--------------+--------------+-------------------+-------------------------+-------------------------+---------------+---------------------+----------------+------------------+--------+------------------+------------------------+------------------------+--------------+---------------+-----------------+-------+---------------------+--------------------+---------------+-----------------+-------------+


+---------------------------------------------------------------------------------+
; Input Transition Times                                                          ;
+---------------------+-----------------------+-----------------+-----------------+
; Pin                 ; I/O Standard          ; 10-90 Rise Time ; 90-10 Fall Time ;
+---------------------+-----------------------+-----------------+-----------------+
; Clock1              ; 2.5 V                 ; 2000 ps         ; 2000 ps         ;
; ReadBuff            ; 1.5 V                 ; 1200 ps         ; 1200 ps         ;
; rst                 ; 1.5 V                 ; 1200 ps         ; 1200 ps         ;
; Tx                  ; 2.5 V                 ; 2000 ps         ; 2000 ps         ;
; To_Oscilator        ; 2.5 V                 ; 2000 ps         ; 2000 ps         ;
; Btn                 ; 1.5 V                 ; 1200 ps         ; 1200 ps         ;
; ~ALTERA_TMS~        ; 2.5 V Schmitt Trigger ; 2000 ps         ; 2000 ps         ;
; ~ALTERA_TCK~        ; 2.5 V Schmitt Trigger ; 2000 ps         ; 2000 ps         ;
; ~ALTERA_TDI~        ; 2.5 V Schmitt Trigger ; 2000 ps         ; 2000 ps         ;
; ~ALTERA_CONFIG_SEL~ ; 2.5 V                 ; 2000 ps         ; 2000 ps         ;
; ~ALTERA_nCONFIG~    ; 2.5 V Schmitt Trigger ; 2000 ps         ; 2000 ps         ;
; ~ALTERA_nSTATUS~    ; 2.5 V Schmitt Trigger ; 2000 ps         ; 2000 ps         ;
; ~ALTERA_CONF_DONE~  ; 2.5 V Schmitt Trigger ; 2000 ps         ; 2000 ps         ;
+---------------------+-----------------------+-----------------+-----------------+


+-------------------------------------------------------------------------------------------------------------------------------------------------------------------------------------------------------------------------------------------------------------------------------------------------------------------------------------------------------------------------------------------------------------------------------------------------------------------------------------------------------------------------------------------------------------------------------------------------------------------------------------------------------------------------------------------+
; Signal Integrity Metrics (Slow 1200mv 0c Model)                                                                                                                                                                                                                                                                                                                                                                                                                                                                                                                                                                                                                                           ;
+--------------+--------------+---------------------+---------------------+------------------------------+------------------------------+---------------------+---------------------+--------------------------------------+--------------------------------------+-----------------------------+-----------------------------+----------------------------+----------------------------+-----------------------------+-----------------------------+--------------------+--------------------+-------------------------------------+-------------------------------------+----------------------------+----------------------------+---------------------------+---------------------------+
; Pin          ; I/O Standard ; Board Delay on Rise ; Board Delay on Fall ; Steady State Voh at FPGA Pin ; Steady State Vol at FPGA Pin ; Voh Max at FPGA Pin ; Vol Min at FPGA Pin ; Ringback Voltage on Rise at FPGA Pin ; Ringback Voltage on Fall at FPGA Pin ; 10-90 Rise Time at FPGA Pin ; 90-10 Fall Time at FPGA Pin ; Monotonic Rise at FPGA Pin ; Monotonic Fall at FPGA Pin ; Steady State Voh at Far-end ; Steady State Vol at Far-end ; Voh Max at Far-end ; Vol Min at Far-end ; Ringback Voltage on Rise at Far-end ; Ringback Voltage on Fall at Far-end ; 10-90 Rise Time at Far-end ; 90-10 Fall Time at Far-end ; Monotonic Rise at Far-end ; Monotonic Fall at Far-end ;
+--------------+--------------+---------------------+---------------------+------------------------------+------------------------------+---------------------+---------------------+--------------------------------------+--------------------------------------+-----------------------------+-----------------------------+----------------------------+----------------------------+-----------------------------+-----------------------------+--------------------+--------------------+-------------------------------------+-------------------------------------+----------------------------+----------------------------+---------------------------+---------------------------+
; UART_TXD     ; 3.3-V LVTTL  ; 0 s                 ; 0 s                 ; 3.08 V                       ; 5.27e-08 V                   ; 3.22 V              ; -0.0943 V           ; 0.264 V                              ; 0.35 V                               ; 4.56e-10 s                  ; 4.63e-10 s                  ; No                         ; No                         ; 3.08 V                      ; 5.27e-08 V                  ; 3.22 V             ; -0.0943 V          ; 0.264 V                             ; 0.35 V                              ; 4.56e-10 s                 ; 4.63e-10 s                 ; No                        ; No                        ;
; DIN_RDY      ; 1.5 V        ; 0 s                 ; 0 s                 ; 1.37 V                       ; 4.6e-09 V                    ; 1.4 V               ; -0.0114 V           ; 0.064 V                              ; 0.017 V                              ; 4.42e-10 s                  ; 4.34e-10 s                  ; Yes                        ; Yes                        ; 1.37 V                      ; 4.6e-09 V                   ; 1.4 V              ; -0.0114 V          ; 0.064 V                             ; 0.017 V                             ; 4.42e-10 s                 ; 4.34e-10 s                 ; Yes                       ; Yes                       ;
; DOUT_VLD     ; 1.5 V        ; 0 s                 ; 0 s                 ; 1.37 V                       ; 4.6e-09 V                    ; 1.4 V               ; -0.0114 V           ; 0.064 V                              ; 0.017 V                              ; 4.42e-10 s                  ; 4.34e-10 s                  ; Yes                        ; Yes                        ; 1.37 V                      ; 4.6e-09 V                   ; 1.4 V              ; -0.0114 V          ; 0.064 V                             ; 0.017 V                             ; 4.42e-10 s                 ; 4.34e-10 s                 ; Yes                       ; Yes                       ;
; FRAME_ERROR  ; 1.5 V        ; 0 s                 ; 0 s                 ; 1.37 V                       ; 4.61e-09 V                   ; 1.4 V               ; -0.0112 V           ; 0.065 V                              ; 0.046 V                              ; 4.42e-10 s                  ; 4.34e-10 s                  ; Yes                        ; Yes                        ; 1.37 V                      ; 4.61e-09 V                  ; 1.4 V              ; -0.0112 V          ; 0.065 V                             ; 0.046 V                             ; 4.42e-10 s                 ; 4.34e-10 s                 ; Yes                       ; Yes                       ;
; PARITY_ERROR ; 1.5 V        ; 0 s                 ; 0 s                 ; 1.37 V                       ; 4.6e-09 V                    ; 1.4 V               ; -0.0114 V           ; 0.064 V                              ; 0.017 V                              ; 4.42e-10 s                  ; 4.34e-10 s                  ; Yes                        ; Yes                        ; 1.37 V                      ; 4.6e-09 V                   ; 1.4 V              ; -0.0114 V          ; 0.064 V                             ; 0.017 V                             ; 4.42e-10 s                 ; 4.34e-10 s                 ; Yes                       ; Yes                       ;
; ~ALTERA_TDO~ ; 2.5 V        ; 0 s                 ; 0 s                 ; 2.32 V                       ; 1.97e-08 V                   ; 2.4 V               ; -0.023 V            ; 0.201 V                              ; 0.081 V                              ; 4.59e-10 s                  ; 5.51e-10 s                  ; No                         ; Yes                        ; 2.32 V                      ; 1.97e-08 V                  ; 2.4 V              ; -0.023 V           ; 0.201 V                             ; 0.081 V                             ; 4.59e-10 s                 ; 5.51e-10 s                 ; No                        ; Yes                       ;
+--------------+--------------+---------------------+---------------------+------------------------------+------------------------------+---------------------+---------------------+--------------------------------------+--------------------------------------+-----------------------------+-----------------------------+----------------------------+----------------------------+-----------------------------+-----------------------------+--------------------+--------------------+-------------------------------------+-------------------------------------+----------------------------+----------------------------+---------------------------+---------------------------+


+-------------------------------------------------------------------------------------------------------------------------------------------------------------------------------------------------------------------------------------------------------------------------------------------------------------------------------------------------------------------------------------------------------------------------------------------------------------------------------------------------------------------------------------------------------------------------------------------------------------------------------------------------------------------------------------------+
; Signal Integrity Metrics (Slow 1200mv 85c Model)                                                                                                                                                                                                                                                                                                                                                                                                                                                                                                                                                                                                                                          ;
+--------------+--------------+---------------------+---------------------+------------------------------+------------------------------+---------------------+---------------------+--------------------------------------+--------------------------------------+-----------------------------+-----------------------------+----------------------------+----------------------------+-----------------------------+-----------------------------+--------------------+--------------------+-------------------------------------+-------------------------------------+----------------------------+----------------------------+---------------------------+---------------------------+
; Pin          ; I/O Standard ; Board Delay on Rise ; Board Delay on Fall ; Steady State Voh at FPGA Pin ; Steady State Vol at FPGA Pin ; Voh Max at FPGA Pin ; Vol Min at FPGA Pin ; Ringback Voltage on Rise at FPGA Pin ; Ringback Voltage on Fall at FPGA Pin ; 10-90 Rise Time at FPGA Pin ; 90-10 Fall Time at FPGA Pin ; Monotonic Rise at FPGA Pin ; Monotonic Fall at FPGA Pin ; Steady State Voh at Far-end ; Steady State Vol at Far-end ; Voh Max at Far-end ; Vol Min at Far-end ; Ringback Voltage on Rise at Far-end ; Ringback Voltage on Fall at Far-end ; 10-90 Rise Time at Far-end ; 90-10 Fall Time at Far-end ; Monotonic Rise at Far-end ; Monotonic Fall at Far-end ;
+--------------+--------------+---------------------+---------------------+------------------------------+------------------------------+---------------------+---------------------+--------------------------------------+--------------------------------------+-----------------------------+-----------------------------+----------------------------+----------------------------+-----------------------------+-----------------------------+--------------------+--------------------+-------------------------------------+-------------------------------------+----------------------------+----------------------------+---------------------------+---------------------------+
; UART_TXD     ; 3.3-V LVTTL  ; 0 s                 ; 0 s                 ; 3.08 V                       ; 5.35e-06 V                   ; 3.17 V              ; -0.0547 V           ; 0.314 V                              ; 0.224 V                              ; 4.84e-10 s                  ; 6.28e-10 s                  ; No                         ; Yes                        ; 3.08 V                      ; 5.35e-06 V                  ; 3.17 V             ; -0.0547 V          ; 0.314 V                             ; 0.224 V                             ; 4.84e-10 s                 ; 6.28e-10 s                 ; No                        ; Yes                       ;
; DIN_RDY      ; 1.5 V        ; 0 s                 ; 0 s                 ; 1.37 V                       ; 8.23e-07 V                   ; 1.39 V              ; -0.0078 V           ; 0.038 V                              ; 0.03 V                               ; 4.88e-10 s                  ; 5.36e-10 s                  ; Yes                        ; Yes                        ; 1.37 V                      ; 8.23e-07 V                  ; 1.39 V             ; -0.0078 V          ; 0.038 V                             ; 0.03 V                              ; 4.88e-10 s                 ; 5.36e-10 s                 ; Yes                       ; Yes                       ;
; DOUT_VLD     ; 1.5 V        ; 0 s                 ; 0 s                 ; 1.37 V                       ; 8.23e-07 V                   ; 1.39 V              ; -0.0078 V           ; 0.038 V                              ; 0.03 V                               ; 4.88e-10 s                  ; 5.36e-10 s                  ; Yes                        ; Yes                        ; 1.37 V                      ; 8.23e-07 V                  ; 1.39 V             ; -0.0078 V          ; 0.038 V                             ; 0.03 V                              ; 4.88e-10 s                 ; 5.36e-10 s                 ; Yes                       ; Yes                       ;
; FRAME_ERROR  ; 1.5 V        ; 0 s                 ; 0 s                 ; 1.37 V                       ; 8.24e-07 V                   ; 1.39 V              ; -0.00775 V          ; 0.038 V                              ; 0.03 V                               ; 4.88e-10 s                  ; 5.36e-10 s                  ; Yes                        ; Yes                        ; 1.37 V                      ; 8.24e-07 V                  ; 1.39 V             ; -0.00775 V         ; 0.038 V                             ; 0.03 V                              ; 4.88e-10 s                 ; 5.36e-10 s                 ; Yes                       ; Yes                       ;
; PARITY_ERROR ; 1.5 V        ; 0 s                 ; 0 s                 ; 1.37 V                       ; 8.23e-07 V                   ; 1.39 V              ; -0.0078 V           ; 0.038 V                              ; 0.03 V                               ; 4.88e-10 s                  ; 5.36e-10 s                  ; Yes                        ; Yes                        ; 1.37 V                      ; 8.23e-07 V                  ; 1.39 V             ; -0.0078 V          ; 0.038 V                             ; 0.03 V                              ; 4.88e-10 s                 ; 5.36e-10 s                 ; Yes                       ; Yes                       ;
; ~ALTERA_TDO~ ; 2.5 V        ; 0 s                 ; 0 s                 ; 2.32 V                       ; 3.04e-06 V                   ; 2.37 V              ; -0.0108 V           ; 0.13 V                               ; 0.066 V                              ; 6.32e-10 s                  ; 6.45e-10 s                  ; No                         ; Yes                        ; 2.32 V                      ; 3.04e-06 V                  ; 2.37 V             ; -0.0108 V          ; 0.13 V                              ; 0.066 V                             ; 6.32e-10 s                 ; 6.45e-10 s                 ; No                        ; Yes                       ;
+--------------+--------------+---------------------+---------------------+------------------------------+------------------------------+---------------------+---------------------+--------------------------------------+--------------------------------------+-----------------------------+-----------------------------+----------------------------+----------------------------+-----------------------------+-----------------------------+--------------------+--------------------+-------------------------------------+-------------------------------------+----------------------------+----------------------------+---------------------------+---------------------------+


+-------------------------------------------------------------------------------------------------------------------------------------------------------------------------------------------------------------------------------------------------------------------------------------------------------------------------------------------------------------------------------------------------------------------------------------------------------------------------------------------------------------------------------------------------------------------------------------------------------------------------------------------------------------------------------------------+
; Signal Integrity Metrics (Fast 1200mv 0c Model)                                                                                                                                                                                                                                                                                                                                                                                                                                                                                                                                                                                                                                           ;
+--------------+--------------+---------------------+---------------------+------------------------------+------------------------------+---------------------+---------------------+--------------------------------------+--------------------------------------+-----------------------------+-----------------------------+----------------------------+----------------------------+-----------------------------+-----------------------------+--------------------+--------------------+-------------------------------------+-------------------------------------+----------------------------+----------------------------+---------------------------+---------------------------+
; Pin          ; I/O Standard ; Board Delay on Rise ; Board Delay on Fall ; Steady State Voh at FPGA Pin ; Steady State Vol at FPGA Pin ; Voh Max at FPGA Pin ; Vol Min at FPGA Pin ; Ringback Voltage on Rise at FPGA Pin ; Ringback Voltage on Fall at FPGA Pin ; 10-90 Rise Time at FPGA Pin ; 90-10 Fall Time at FPGA Pin ; Monotonic Rise at FPGA Pin ; Monotonic Fall at FPGA Pin ; Steady State Voh at Far-end ; Steady State Vol at Far-end ; Voh Max at Far-end ; Vol Min at Far-end ; Ringback Voltage on Rise at Far-end ; Ringback Voltage on Fall at Far-end ; 10-90 Rise Time at Far-end ; 90-10 Fall Time at Far-end ; Monotonic Rise at Far-end ; Monotonic Fall at Far-end ;
+--------------+--------------+---------------------+---------------------+------------------------------+------------------------------+---------------------+---------------------+--------------------------------------+--------------------------------------+-----------------------------+-----------------------------+----------------------------+----------------------------+-----------------------------+-----------------------------+--------------------+--------------------+-------------------------------------+-------------------------------------+----------------------------+----------------------------+---------------------------+---------------------------+
; UART_TXD     ; 3.3-V LVTTL  ; 0 s                 ; 0 s                 ; 3.46 V                       ; 5.04e-07 V                   ; 3.63 V              ; -0.0264 V           ; 0.468 V                              ; 0.142 V                              ; 3.02e-10 s                  ; 4.42e-10 s                  ; No                         ; Yes                        ; 3.46 V                      ; 5.04e-07 V                  ; 3.63 V             ; -0.0264 V          ; 0.468 V                             ; 0.142 V                             ; 3.02e-10 s                 ; 4.42e-10 s                 ; No                        ; Yes                       ;
; DIN_RDY      ; 1.5 V        ; 0 s                 ; 0 s                 ; 1.57 V                       ; 2.35e-08 V                   ; 1.63 V              ; -0.0475 V           ; 0.117 V                              ; 0.092 V                              ; 2.7e-10 s                   ; 2.7e-10 s                   ; Yes                        ; Yes                        ; 1.57 V                      ; 2.35e-08 V                  ; 1.63 V             ; -0.0475 V          ; 0.117 V                             ; 0.092 V                             ; 2.7e-10 s                  ; 2.7e-10 s                  ; Yes                       ; Yes                       ;
; DOUT_VLD     ; 1.5 V        ; 0 s                 ; 0 s                 ; 1.57 V                       ; 2.35e-08 V                   ; 1.63 V              ; -0.0475 V           ; 0.117 V                              ; 0.092 V                              ; 2.7e-10 s                   ; 2.7e-10 s                   ; Yes                        ; Yes                        ; 1.57 V                      ; 2.35e-08 V                  ; 1.63 V             ; -0.0475 V          ; 0.117 V                             ; 0.092 V                             ; 2.7e-10 s                  ; 2.7e-10 s                  ; Yes                       ; Yes                       ;
; FRAME_ERROR  ; 1.5 V        ; 0 s                 ; 0 s                 ; 1.57 V                       ; 2.34e-08 V                   ; 1.63 V              ; -0.0474 V           ; 0.117 V                              ; 0.092 V                              ; 2.7e-10 s                   ; 2.7e-10 s                   ; Yes                        ; Yes                        ; 1.57 V                      ; 2.34e-08 V                  ; 1.63 V             ; -0.0474 V          ; 0.117 V                             ; 0.092 V                             ; 2.7e-10 s                  ; 2.7e-10 s                  ; Yes                       ; Yes                       ;
; PARITY_ERROR ; 1.5 V        ; 0 s                 ; 0 s                 ; 1.57 V                       ; 2.35e-08 V                   ; 1.63 V              ; -0.0475 V           ; 0.117 V                              ; 0.092 V                              ; 2.7e-10 s                   ; 2.7e-10 s                   ; Yes                        ; Yes                        ; 1.57 V                      ; 2.35e-08 V                  ; 1.63 V             ; -0.0475 V          ; 0.117 V                             ; 0.092 V                             ; 2.7e-10 s                  ; 2.7e-10 s                  ; Yes                       ; Yes                       ;
; ~ALTERA_TDO~ ; 2.5 V        ; 0 s                 ; 0 s                 ; 2.62 V                       ; 1.68e-07 V                   ; 2.73 V              ; -0.0395 V           ; 0.361 V                              ; 0.109 V                              ; 3.1e-10 s                   ; 4.41e-10 s                  ; No                         ; Yes                        ; 2.62 V                      ; 1.68e-07 V                  ; 2.73 V             ; -0.0395 V          ; 0.361 V                             ; 0.109 V                             ; 3.1e-10 s                  ; 4.41e-10 s                 ; No                        ; Yes                       ;
+--------------+--------------+---------------------+---------------------+------------------------------+------------------------------+---------------------+---------------------+--------------------------------------+--------------------------------------+-----------------------------+-----------------------------+----------------------------+----------------------------+-----------------------------+-----------------------------+--------------------+--------------------+-------------------------------------+-------------------------------------+----------------------------+----------------------------+---------------------------+---------------------------+


+---------------------------------------------------------------------------------------------------------------------------------------+
; Setup Transfers                                                                                                                       ;
+---------------------------------------------+---------------------------------------------+----------+----------+----------+----------+
; From Clock                                  ; To Clock                                    ; RR Paths ; FR Paths ; RF Paths ; FF Paths ;
+---------------------------------------------+---------------------------------------------+----------+----------+----------+----------+
; Clock1                                      ; Clock1                                      ; 196      ; 0        ; 0        ; 0        ;
; To_Oscilator                                ; Clock1                                      ; 1        ; 1        ; 0        ; 0        ;
; Tx                                          ; Clock1                                      ; 1        ; 1        ; 0        ; 0        ;
; UART:inst1|UART_TX:uart_tx_i|tx_pstate.idle ; Clock1                                      ; 18       ; 292      ; 0        ; 0        ;
; Clock1                                      ; To_Oscilator                                ; 564      ; 0        ; 0        ; 0        ;
; To_Oscilator                                ; To_Oscilator                                ; 5831     ; 0        ; 0        ; 0        ;
; Tx                                          ; To_Oscilator                                ; 5821     ; 0        ; 0        ; 0        ;
; UART:inst1|UART_TX:uart_tx_i|tx_pstate.idle ; To_Oscilator                                ; 0        ; 18       ; 0        ; 0        ;
; Clock1                                      ; Tx                                          ; 564      ; 0        ; 0        ; 0        ;
; To_Oscilator                                ; Tx                                          ; 5821     ; 0        ; 0        ; 0        ;
; Tx                                          ; Tx                                          ; 5831     ; 0        ; 0        ; 0        ;
; UART:inst1|UART_TX:uart_tx_i|tx_pstate.idle ; Tx                                          ; 0        ; 18       ; 0        ; 0        ;
; To_Oscilator                                ; UART:inst1|UART_TX:uart_tx_i|tx_pstate.idle ; 0        ; 0        ; 18       ; 0        ;
; Tx                                          ; UART:inst1|UART_TX:uart_tx_i|tx_pstate.idle ; 0        ; 0        ; 18       ; 0        ;
; UART:inst1|UART_TX:uart_tx_i|tx_pstate.idle ; UART:inst1|UART_TX:uart_tx_i|tx_pstate.idle ; 0        ; 0        ; 0        ; 2761     ;
+---------------------------------------------+---------------------------------------------+----------+----------+----------+----------+
Entries labeled "false path" only account for clock-to-clock false paths and not path-based false paths. As a result, actual path counts may be lower than reported.


+---------------------------------------------------------------------------------------------------------------------------------------+
; Hold Transfers                                                                                                                        ;
+---------------------------------------------+---------------------------------------------+----------+----------+----------+----------+
; From Clock                                  ; To Clock                                    ; RR Paths ; FR Paths ; RF Paths ; FF Paths ;
+---------------------------------------------+---------------------------------------------+----------+----------+----------+----------+
; Clock1                                      ; Clock1                                      ; 196      ; 0        ; 0        ; 0        ;
; To_Oscilator                                ; Clock1                                      ; 1        ; 1        ; 0        ; 0        ;
; Tx                                          ; Clock1                                      ; 1        ; 1        ; 0        ; 0        ;
; UART:inst1|UART_TX:uart_tx_i|tx_pstate.idle ; Clock1                                      ; 18       ; 292      ; 0        ; 0        ;
; Clock1                                      ; To_Oscilator                                ; 564      ; 0        ; 0        ; 0        ;
; To_Oscilator                                ; To_Oscilator                                ; 5831     ; 0        ; 0        ; 0        ;
; Tx                                          ; To_Oscilator                                ; 5821     ; 0        ; 0        ; 0        ;
; UART:inst1|UART_TX:uart_tx_i|tx_pstate.idle ; To_Oscilator                                ; 0        ; 18       ; 0        ; 0        ;
; Clock1                                      ; Tx                                          ; 564      ; 0        ; 0        ; 0        ;
; To_Oscilator                                ; Tx                                          ; 5821     ; 0        ; 0        ; 0        ;
; Tx                                          ; Tx                                          ; 5831     ; 0        ; 0        ; 0        ;
; UART:inst1|UART_TX:uart_tx_i|tx_pstate.idle ; Tx                                          ; 0        ; 18       ; 0        ; 0        ;
; To_Oscilator                                ; UART:inst1|UART_TX:uart_tx_i|tx_pstate.idle ; 0        ; 0        ; 18       ; 0        ;
; Tx                                          ; UART:inst1|UART_TX:uart_tx_i|tx_pstate.idle ; 0        ; 0        ; 18       ; 0        ;
; UART:inst1|UART_TX:uart_tx_i|tx_pstate.idle ; UART:inst1|UART_TX:uart_tx_i|tx_pstate.idle ; 0        ; 0        ; 0        ; 2761     ;
+---------------------------------------------+---------------------------------------------+----------+----------+----------+----------+
Entries labeled "false path" only account for clock-to-clock false paths and not path-based false paths. As a result, actual path counts may be lower than reported.


---------------
; Report TCCS ;
---------------
No dedicated SERDES Transmitter circuitry present in device or used in design


---------------
; Report RSKM ;
---------------
No non-DPA dedicated SERDES Receiver circuitry present in device or used in design


+------------------------------------------------+
; Unconstrained Paths Summary                    ;
+---------------------------------+-------+------+
; Property                        ; Setup ; Hold ;
+---------------------------------+-------+------+
; Illegal Clocks                  ; 0     ; 0    ;
; Unconstrained Clocks            ; 0     ; 0    ;
; Unconstrained Input Ports       ; 3     ; 3    ;
; Unconstrained Input Port Paths  ; 796   ; 796  ;
; Unconstrained Output Ports      ; 3     ; 3    ;
; Unconstrained Output Port Paths ; 4     ; 4    ;
+---------------------------------+-------+------+


+----------------------------------------------------------------------------------------------------------------+
; Clock Status Summary                                                                                           ;
+---------------------------------------------+---------------------------------------------+------+-------------+
; Target                                      ; Clock                                       ; Type ; Status      ;
+---------------------------------------------+---------------------------------------------+------+-------------+
; Clock1                                      ; Clock1                                      ; Base ; Constrained ;
; To_Oscilator                                ; To_Oscilator                                ; Base ; Constrained ;
; Tx                                          ; Tx                                          ; Base ; Constrained ;
; UART:inst1|UART_TX:uart_tx_i|tx_pstate.idle ; UART:inst1|UART_TX:uart_tx_i|tx_pstate.idle ; Base ; Constrained ;
+---------------------------------------------+---------------------------------------------+------+-------------+


+---------------------------------------------------------------------------------------------------+
; Unconstrained Input Ports                                                                         ;
+------------+--------------------------------------------------------------------------------------+
; Input Port ; Comment                                                                              ;
+------------+--------------------------------------------------------------------------------------+
; Btn        ; No input delay, min/max delays, false-path exceptions, or max skew assignments found ;
; ReadBuff   ; No input delay, min/max delays, false-path exceptions, or max skew assignments found ;
; rst        ; No input delay, min/max delays, false-path exceptions, or max skew assignments found ;
+------------+--------------------------------------------------------------------------------------+


+-----------------------------------------------------------------------------------------------------+
; Unconstrained Output Ports                                                                          ;
+-------------+---------------------------------------------------------------------------------------+
; Output Port ; Comment                                                                               ;
+-------------+---------------------------------------------------------------------------------------+
; DIN_RDY     ; No output delay, min/max delays, false-path exceptions, or max skew assignments found ;
; FRAME_ERROR ; No output delay, min/max delays, false-path exceptions, or max skew assignments found ;
; UART_TXD    ; No output delay, min/max delays, false-path exceptions, or max skew assignments found ;
+-------------+---------------------------------------------------------------------------------------+


+---------------------------------------------------------------------------------------------------+
; Unconstrained Input Ports                                                                         ;
+------------+--------------------------------------------------------------------------------------+
; Input Port ; Comment                                                                              ;
+------------+--------------------------------------------------------------------------------------+
; Btn        ; No input delay, min/max delays, false-path exceptions, or max skew assignments found ;
; ReadBuff   ; No input delay, min/max delays, false-path exceptions, or max skew assignments found ;
; rst        ; No input delay, min/max delays, false-path exceptions, or max skew assignments found ;
+------------+--------------------------------------------------------------------------------------+


+-----------------------------------------------------------------------------------------------------+
; Unconstrained Output Ports                                                                          ;
+-------------+---------------------------------------------------------------------------------------+
; Output Port ; Comment                                                                               ;
+-------------+---------------------------------------------------------------------------------------+
; DIN_RDY     ; No output delay, min/max delays, false-path exceptions, or max skew assignments found ;
; FRAME_ERROR ; No output delay, min/max delays, false-path exceptions, or max skew assignments found ;
; UART_TXD    ; No output delay, min/max delays, false-path exceptions, or max skew assignments found ;
+-------------+---------------------------------------------------------------------------------------+


+--------------------------+
; Timing Analyzer Messages ;
+--------------------------+
Info: *******************************************************************
Info: Running Quartus Prime Timing Analyzer
    Info: Version 22.1std.2 Build 922 07/20/2023 SC Lite Edition
    Info: Processing started: Tue Mar 19 17:18:44 2024
Info: Command: quartus_sta Basic_FQ -c Basic_FQ
Info: qsta_default_script.tcl version: #1
Warning (18236): Number of processors has not been specified which may cause overloading on shared machines.  Set the global assignment NUM_PARALLEL_PROCESSORS in your QSF to an appropriate value for best performance.
Info (20030): Parallel compilation is enabled and will use 12 of the 12 processors detected
Info (21077): Low junction temperature is 0 degrees C
Info (21077): High junction temperature is 85 degrees C
Info (332164): Evaluating HDL-embedded SDC commands
    Info (332165): Entity dcfifo_krj1
        Info (332166): set_false_path -from *rdptr_g* -to *ws_dgrp|dffpipe_2f9:dffpipe19|dffe20a* 
        Info (332166): set_false_path -from *delayed_wrptr_g* -to *rs_dgwp|dffpipe_1f9:dffpipe16|dffe17a* 
Critical Warning (332012): Synopsys Design Constraints File file not found: 'Basic_FQ.sdc'. A Synopsys Design Constraints File is required by the Timing Analyzer to get proper timing constraints. Without it, the Compiler will not properly optimize the design.
Info (332142): No user constrained base clocks found in the design. Calling "derive_clocks -period 1.0"
Info (332105): Deriving Clocks
    Info (332105): create_clock -period 1.000 -name UART:inst1|UART_TX:uart_tx_i|tx_pstate.idle UART:inst1|UART_TX:uart_tx_i|tx_pstate.idle
    Info (332105): create_clock -period 1.000 -name To_Oscilator To_Oscilator
    Info (332105): create_clock -period 1.000 -name Clock1 Clock1
    Info (332105): create_clock -period 1.000 -name Tx Tx
Info (332143): No user constrained clock uncertainty found in the design. Calling "derive_clock_uncertainty"
Info (332123): Deriving Clock Uncertainty. Please refer to report_sdc in the Timing Analyzer to see clock uncertainties.
Info: Found TIMING_ANALYZER_REPORT_SCRIPT_INCLUDE_DEFAULT_ANALYSIS = ON
Info: Analyzing Slow 1200mV 85C Model
Info: Can't run Report Timing Closure Recommendations. The current device family is not supported.
Critical Warning (332148): Timing requirements not met
Info (332146): Worst-case setup slack is -5.569
    Info (332119):     Slack       End Point TNS Clock 
    Info (332119): ========= =================== =====================
    Info (332119):    -5.569           -2269.696 To_Oscilator 
    Info (332119):    -4.860           -1921.910 Tx 
    Info (332119):    -4.811             -73.710 Clock1 
    Info (332119):    -3.257            -759.812 UART:inst1|UART_TX:uart_tx_i|tx_pstate.idle 
Info (332146): Worst-case hold slack is -0.429
    Info (332119):     Slack       End Point TNS Clock 
    Info (332119): ========= =================== =====================
    Info (332119):    -0.429              -7.713 Tx 
    Info (332119):     0.284               0.000 UART:inst1|UART_TX:uart_tx_i|tx_pstate.idle 
    Info (332119):     0.326               0.000 To_Oscilator 
    Info (332119):     0.327               0.000 Clock1 
Info (332140): No Recovery paths to report
Info (332140): No Removal paths to report
Info (332146): Worst-case minimum pulse width slack is -3.000
    Info (332119):     Slack       End Point TNS Clock 
    Info (332119): ========= =================== =====================
    Info (332119):    -3.000           -1049.683 To_Oscilator 
    Info (332119):    -3.000           -1045.183 Tx 
    Info (332119):    -3.000             -54.324 Clock1 
    Info (332119):    -2.186            -674.484 UART:inst1|UART_TX:uart_tx_i|tx_pstate.idle 
Info (332114): Report Metastability: Found 48 synchronizer chains.
    Info (332114): Design MTBF is not calculated because the design doesn't meet its timing requirements.
Info: Analyzing Slow 1200mV 0C Model
Info (334003): Started post-fitting delay annotation
Warning (334000): Timing characteristics of device 10M50DAF484C6GES are preliminary
Info (334004): Delay annotation completed successfully
Info (332123): Deriving Clock Uncertainty. Please refer to report_sdc in the Timing Analyzer to see clock uncertainties.
Critical Warning (332148): Timing requirements not met
Info (332146): Worst-case setup slack is -5.056
    Info (332119):     Slack       End Point TNS Clock 
    Info (332119): ========= =================== =====================
    Info (332119):    -5.056           -2030.690 To_Oscilator 
    Info (332119):    -4.401           -1709.358 Tx 
    Info (332119):    -4.341             -63.770 Clock1 
    Info (332119):    -2.857            -666.144 UART:inst1|UART_TX:uart_tx_i|tx_pstate.idle 
Info (332146): Worst-case hold slack is -0.403
    Info (332119):     Slack       End Point TNS Clock 
    Info (332119): ========= =================== =====================
    Info (332119):    -0.403              -7.254 Tx 
    Info (332119):     0.268               0.000 UART:inst1|UART_TX:uart_tx_i|tx_pstate.idle 
    Info (332119):     0.296               0.000 To_Oscilator 
    Info (332119):     0.297               0.000 Clock1 
Info (332140): No Recovery paths to report
Info (332140): No Removal paths to report
Info (332146): Worst-case minimum pulse width slack is -3.000
    Info (332119):     Slack       End Point TNS Clock 
    Info (332119): ========= =================== =====================
    Info (332119):    -3.000            -934.224 To_Oscilator 
    Info (332119):    -3.000            -929.780 Tx 
    Info (332119):    -3.000             -54.324 Clock1 
    Info (332119):    -2.030            -634.548 UART:inst1|UART_TX:uart_tx_i|tx_pstate.idle 
Info (332114): Report Metastability: Found 48 synchronizer chains.
    Info (332114): Design MTBF is not calculated because the design doesn't meet its timing requirements.
Info: Analyzing Fast 1200mV 0C Model
Info (332123): Deriving Clock Uncertainty. Please refer to report_sdc in the Timing Analyzer to see clock uncertainties.
Critical Warning (332148): Timing requirements not met
Info (332146): Worst-case setup slack is -2.360
    Info (332119):     Slack       End Point TNS Clock 
    Info (332119): ========= =================== =====================
    Info (332119):    -2.360            -910.709 To_Oscilator 
    Info (332119):    -2.178             -24.221 Clock1 
    Info (332119):    -1.992            -729.401 Tx 
    Info (332119):    -1.170            -223.459 UART:inst1|UART_TX:uart_tx_i|tx_pstate.idle 
Info (332146): Worst-case hold slack is -0.254
    Info (332119):     Slack       End Point TNS Clock 
    Info (332119): ========= =================== =====================
    Info (332119):    -0.254              -4.572 Tx 
    Info (332119):     0.123               0.000 UART:inst1|UART_TX:uart_tx_i|tx_pstate.idle 
    Info (332119):     0.150               0.000 Clock1 
    Info (332119):     0.150               0.000 To_Oscilator 
Info (332140): No Recovery paths to report
Info (332140): No Removal paths to report
Info (332146): Worst-case minimum pulse width slack is -3.000
    Info (332119):     Slack       End Point TNS Clock 
    Info (332119): ========= =================== =====================
    Info (332119):    -3.000            -708.832 Tx 
    Info (332119):    -3.000            -680.499 To_Oscilator 
    Info (332119):    -3.000             -46.422 Clock1 
    Info (332119):    -1.000            -350.000 UART:inst1|UART_TX:uart_tx_i|tx_pstate.idle 
Info (332114): Report Metastability: Found 48 synchronizer chains.
    Info (332114): Design MTBF is not calculated because the design doesn't meet its timing requirements.
Info (332102): Design is not fully constrained for setup requirements
Info (332102): Design is not fully constrained for hold requirements
Info: Quartus Prime Timing Analyzer was successful. 0 errors, 6 warnings
    Info: Peak virtual memory: 4942 megabytes
    Info: Processing ended: Tue Mar 19 17:18:47 2024
    Info: Elapsed time: 00:00:03
    Info: Total CPU time (on all processors): 00:00:06


